<?xml version="1.0" encoding="UTF-8"?>
<!-- Generated by org.testng.reporters.JUnitXMLReporter -->
<testsuite ignored="0" hostname="DESKTOP-7GCNJAG" failures="0" tests="4" name="Default test" time="87.136" errors="0" timestamp="2021-08-22T21:33:19 IST">
  <testcase classname="com.SAB.Tests.LoginPageTest" name="sendUserName" time="11.891"/>
  <testcase classname="com.SAB.Tests.LoginPageTest" name="sendUserName" time="4.132"/>
  <testcase classname="com.SAB.Tests.LoginPageTest" name="sendUserName" time="3.56"/>
  <testcase classname="com.SAB.Tests.LoginPageTest" name="sendUserName" time="3.506"/>
</testsuite> <!-- Default test -->
