<?xml version="1.0" encoding="UTF-8"?>
<!-- Generated by org.testng.reporters.JUnitXMLReporter -->
<testsuite ignored="0" hostname="DESKTOP-7GCNJAG" failures="1" tests="1" name="Test" time="20.752" errors="0" timestamp="2021-08-22T21:39:16 IST">
  <testcase classname="com.SAB.Tests.DashBoardPageTest" name="inspectDashBoard" time="4.998">
    <failure type="java.lang.AssertionError" message="expected [MasterTable - AttendanceLanding] but found [MasterTable - 12AttendanceLanding]">
      <![CDATA[java.lang.AssertionError: expected [MasterTable - AttendanceLanding] but found [MasterTable - 12AttendanceLanding]
at com.SAB.Tests.DashBoardPageTest.inspectDashBoard(DashBoardPageTest.java:27)
at java.base/java.util.ArrayList.forEach(ArrayList.java:1511)
... Removed 33 stack frames]]>
    </failure>
  </testcase> <!-- inspectDashBoard -->
</testsuite> <!-- Test -->
